0 info it worked if it ends with ok
1 verbose cli [ 'c:\\Program Files\\nodejs\\node.exe',
1 verbose cli   'c:\\Program Files\\nodejs\\node_modules\\npm\\bin\\npm-cli.js',
1 verbose cli   'install' ]
2 info using npm@1.4.3
3 info using node@v0.10.26
4 warn invalid config proxy=""
5 warn invalid config Must be a full url with 'http://'
6 verbose readDependencies using package.json deps
7 verbose install where, deps [ 'd:\\workspace-2\\angular-seed',
7 verbose install   [ 'karma', 'protractor', 'http-server', 'bower', 'shelljs' ] ]
8 info preinstall angular-seed@0.0.0
9 verbose readDependencies using package.json deps
10 verbose cache add [ 'karma@~0.10', null ]
11 verbose cache add name=undefined spec="karma@~0.10" args=["karma@~0.10",null]
12 verbose parsed url { protocol: null,
12 verbose parsed url   slashes: null,
12 verbose parsed url   auth: null,
12 verbose parsed url   host: null,
12 verbose parsed url   port: null,
12 verbose parsed url   hostname: null,
12 verbose parsed url   hash: null,
12 verbose parsed url   search: null,
12 verbose parsed url   query: null,
12 verbose parsed url   pathname: 'karma@~0.10',
12 verbose parsed url   path: 'karma@~0.10',
12 verbose parsed url   href: 'karma@~0.10' }
13 verbose cache add name="karma" spec="~0.10" args=["karma","~0.10"]
14 verbose parsed url { protocol: null,
14 verbose parsed url   slashes: null,
14 verbose parsed url   auth: null,
14 verbose parsed url   host: null,
14 verbose parsed url   port: null,
14 verbose parsed url   hostname: null,
14 verbose parsed url   hash: null,
14 verbose parsed url   search: null,
14 verbose parsed url   query: null,
14 verbose parsed url   pathname: '~0.10',
14 verbose parsed url   path: '~0.10',
14 verbose parsed url   href: '~0.10' }
15 verbose addNamed [ 'karma', '~0.10' ]
16 verbose addNamed [ null, '>=0.10.0-0 <0.11.0-0' ]
17 verbose cache add [ 'protractor@~0.17.0', null ]
18 verbose cache add name=undefined spec="protractor@~0.17.0" args=["protractor@~0.17.0",null]
19 verbose parsed url { protocol: null,
19 verbose parsed url   slashes: null,
19 verbose parsed url   auth: null,
19 verbose parsed url   host: null,
19 verbose parsed url   port: null,
19 verbose parsed url   hostname: null,
19 verbose parsed url   hash: null,
19 verbose parsed url   search: null,
19 verbose parsed url   query: null,
19 verbose parsed url   pathname: 'protractor@~0.17.0',
19 verbose parsed url   path: 'protractor@~0.17.0',
19 verbose parsed url   href: 'protractor@~0.17.0' }
20 verbose cache add name="protractor" spec="~0.17.0" args=["protractor","~0.17.0"]
21 verbose parsed url { protocol: null,
21 verbose parsed url   slashes: null,
21 verbose parsed url   auth: null,
21 verbose parsed url   host: null,
21 verbose parsed url   port: null,
21 verbose parsed url   hostname: null,
21 verbose parsed url   hash: null,
21 verbose parsed url   search: null,
21 verbose parsed url   query: null,
21 verbose parsed url   pathname: '~0.17.0',
21 verbose parsed url   path: '~0.17.0',
21 verbose parsed url   href: '~0.17.0' }
22 verbose addNamed [ 'protractor', '~0.17.0' ]
23 verbose addNamed [ null, '>=0.17.0-0 <0.18.0-0' ]
24 verbose cache add [ 'http-server@^0.6.1', null ]
25 verbose cache add name=undefined spec="http-server@^0.6.1" args=["http-server@^0.6.1",null]
26 verbose parsed url { protocol: null,
26 verbose parsed url   slashes: null,
26 verbose parsed url   auth: null,
26 verbose parsed url   host: null,
26 verbose parsed url   port: null,
26 verbose parsed url   hostname: null,
26 verbose parsed url   hash: null,
26 verbose parsed url   search: null,
26 verbose parsed url   query: null,
26 verbose parsed url   pathname: 'http-server@^0.6.1',
26 verbose parsed url   path: 'http-server@^0.6.1',
26 verbose parsed url   href: 'http-server@^0.6.1' }
27 verbose cache add name="http-server" spec="^0.6.1" args=["http-server","^0.6.1"]
28 verbose parsed url { protocol: null,
28 verbose parsed url   slashes: null,
28 verbose parsed url   auth: null,
28 verbose parsed url   host: null,
28 verbose parsed url   port: null,
28 verbose parsed url   hostname: null,
28 verbose parsed url   hash: null,
28 verbose parsed url   search: null,
28 verbose parsed url   query: null,
28 verbose parsed url   pathname: '^0.6.1',
28 verbose parsed url   path: '^0.6.1',
28 verbose parsed url   href: '^0.6.1' }
29 verbose addNamed [ 'http-server', '^0.6.1' ]
30 verbose addNamed [ null, '>=0.6.1-0 <0.7.0-0' ]
31 verbose cache add [ 'bower@^1.3.1', null ]
32 verbose cache add name=undefined spec="bower@^1.3.1" args=["bower@^1.3.1",null]
33 verbose parsed url { protocol: null,
33 verbose parsed url   slashes: null,
33 verbose parsed url   auth: null,
33 verbose parsed url   host: null,
33 verbose parsed url   port: null,
33 verbose parsed url   hostname: null,
33 verbose parsed url   hash: null,
33 verbose parsed url   search: null,
33 verbose parsed url   query: null,
33 verbose parsed url   pathname: 'bower@^1.3.1',
33 verbose parsed url   path: 'bower@^1.3.1',
33 verbose parsed url   href: 'bower@^1.3.1' }
34 verbose cache add name="bower" spec="^1.3.1" args=["bower","^1.3.1"]
35 verbose parsed url { protocol: null,
35 verbose parsed url   slashes: null,
35 verbose parsed url   auth: null,
35 verbose parsed url   host: null,
35 verbose parsed url   port: null,
35 verbose parsed url   hostname: null,
35 verbose parsed url   hash: null,
35 verbose parsed url   search: null,
35 verbose parsed url   query: null,
35 verbose parsed url   pathname: '^1.3.1',
35 verbose parsed url   path: '^1.3.1',
35 verbose parsed url   href: '^1.3.1' }
36 verbose addNamed [ 'bower', '^1.3.1' ]
37 verbose addNamed [ null, '>=1.3.1-0 <2.0.0-0' ]
38 verbose cache add [ 'shelljs@^0.2.6', null ]
39 verbose cache add name=undefined spec="shelljs@^0.2.6" args=["shelljs@^0.2.6",null]
40 verbose parsed url { protocol: null,
40 verbose parsed url   slashes: null,
40 verbose parsed url   auth: null,
40 verbose parsed url   host: null,
40 verbose parsed url   port: null,
40 verbose parsed url   hostname: null,
40 verbose parsed url   hash: null,
40 verbose parsed url   search: null,
40 verbose parsed url   query: null,
40 verbose parsed url   pathname: 'shelljs@^0.2.6',
40 verbose parsed url   path: 'shelljs@^0.2.6',
40 verbose parsed url   href: 'shelljs@^0.2.6' }
41 verbose cache add name="shelljs" spec="^0.2.6" args=["shelljs","^0.2.6"]
42 verbose parsed url { protocol: null,
42 verbose parsed url   slashes: null,
42 verbose parsed url   auth: null,
42 verbose parsed url   host: null,
42 verbose parsed url   port: null,
42 verbose parsed url   hostname: null,
42 verbose parsed url   hash: null,
42 verbose parsed url   search: null,
42 verbose parsed url   query: null,
42 verbose parsed url   pathname: '^0.2.6',
42 verbose parsed url   path: '^0.2.6',
42 verbose parsed url   href: '^0.2.6' }
43 verbose addNamed [ 'shelljs', '^0.2.6' ]
44 verbose addNamed [ null, '>=0.2.6-0 <0.3.0-0' ]
45 silly lockFile 059b5650-karma-0-10 karma@~0.10
46 verbose lock karma@~0.10 C:\Users\haingo\AppData\Roaming\npm-cache\059b5650-karma-0-10.lock
47 silly lockFile 657fa0d8-protractor-0-17-0 protractor@~0.17.0
48 verbose lock protractor@~0.17.0 C:\Users\haingo\AppData\Roaming\npm-cache\657fa0d8-protractor-0-17-0.lock
49 silly lockFile e7eeaefd-http-server-0-6-1 http-server@^0.6.1
50 verbose lock http-server@^0.6.1 C:\Users\haingo\AppData\Roaming\npm-cache\e7eeaefd-http-server-0-6-1.lock
51 silly lockFile 7c83895e-bower-1-3-1 bower@^1.3.1
52 verbose lock bower@^1.3.1 C:\Users\haingo\AppData\Roaming\npm-cache\7c83895e-bower-1-3-1.lock
53 silly lockFile cdaabbbd-shelljs-0-2-6 shelljs@^0.2.6
54 verbose lock shelljs@^0.2.6 C:\Users\haingo\AppData\Roaming\npm-cache\cdaabbbd-shelljs-0-2-6.lock
55 silly addNameRange { name: 'protractor',
55 silly addNameRange   range: '>=0.17.0-0 <0.18.0-0',
55 silly addNameRange   hasData: false }
56 silly addNameRange { name: 'bower', range: '>=1.3.1-0 <2.0.0-0', hasData: false }
57 silly addNameRange { name: 'shelljs', range: '>=0.2.6-0 <0.3.0-0', hasData: false }
58 silly addNameRange { name: 'karma', range: '>=0.10.0-0 <0.11.0-0', hasData: false }
59 verbose url raw protractor
60 verbose url resolving [ 'https://registry.npmjs.org/', './protractor' ]
61 verbose url resolved https://registry.npmjs.org/protractor
62 info trying registry request attempt 1 at 11:13:33
63 http GET https://registry.npmjs.org/protractor
64 verbose url raw bower
65 verbose url resolving [ 'https://registry.npmjs.org/', './bower' ]
66 verbose url resolved https://registry.npmjs.org/bower
67 info trying registry request attempt 1 at 11:13:33
68 http GET https://registry.npmjs.org/bower
69 verbose url raw shelljs
70 verbose url resolving [ 'https://registry.npmjs.org/', './shelljs' ]
71 verbose url resolved https://registry.npmjs.org/shelljs
72 info trying registry request attempt 1 at 11:13:33
73 http GET https://registry.npmjs.org/shelljs
74 verbose url raw karma
75 verbose url resolving [ 'https://registry.npmjs.org/', './karma' ]
76 verbose url resolved https://registry.npmjs.org/karma
77 info trying registry request attempt 1 at 11:13:33
78 http GET https://registry.npmjs.org/karma
79 silly addNameRange { name: 'http-server',
79 silly addNameRange   range: '>=0.6.1-0 <0.7.0-0',
79 silly addNameRange   hasData: false }
80 verbose url raw http-server
81 verbose url resolving [ 'https://registry.npmjs.org/', './http-server' ]
82 verbose url resolved https://registry.npmjs.org/http-server
83 info trying registry request attempt 1 at 11:13:33
84 http GET https://registry.npmjs.org/http-server
85 info retry will retry, error on last attempt: Error: connect ECONNREFUSED
86 info retry will retry, error on last attempt: Error: connect ECONNREFUSED
87 info retry will retry, error on last attempt: Error: connect ECONNREFUSED
88 info retry will retry, error on last attempt: Error: connect ECONNREFUSED
89 info retry will retry, error on last attempt: Error: connect ECONNREFUSED
90 info trying registry request attempt 2 at 11:13:44
91 http GET https://registry.npmjs.org/bower
92 info trying registry request attempt 2 at 11:13:44
93 http GET https://registry.npmjs.org/protractor
94 info trying registry request attempt 2 at 11:13:44
95 http GET https://registry.npmjs.org/shelljs
96 info trying registry request attempt 2 at 11:13:44
97 http GET https://registry.npmjs.org/http-server
98 info trying registry request attempt 2 at 11:13:44
99 http GET https://registry.npmjs.org/karma
100 info retry will retry, error on last attempt: Error: connect ECONNREFUSED
101 info retry will retry, error on last attempt: Error: connect ECONNREFUSED
102 info retry will retry, error on last attempt: Error: connect ECONNREFUSED
103 info retry will retry, error on last attempt: Error: connect ECONNREFUSED
104 info retry will retry, error on last attempt: Error: connect ECONNREFUSED
105 info trying registry request attempt 3 at 11:14:45
106 http GET https://registry.npmjs.org/shelljs
107 info trying registry request attempt 3 at 11:14:45
108 http GET https://registry.npmjs.org/http-server
109 info trying registry request attempt 3 at 11:14:45
110 http GET https://registry.npmjs.org/karma
111 info trying registry request attempt 3 at 11:14:45
112 http GET https://registry.npmjs.org/protractor
113 info trying registry request attempt 3 at 11:14:45
114 http GET https://registry.npmjs.org/bower
115 silly lockFile 7c83895e-bower-1-3-1 bower@^1.3.1
116 silly lockFile 7c83895e-bower-1-3-1 bower@^1.3.1
117 silly lockFile 657fa0d8-protractor-0-17-0 protractor@~0.17.0
118 silly lockFile 657fa0d8-protractor-0-17-0 protractor@~0.17.0
119 silly lockFile cdaabbbd-shelljs-0-2-6 shelljs@^0.2.6
120 silly lockFile cdaabbbd-shelljs-0-2-6 shelljs@^0.2.6
121 silly lockFile e7eeaefd-http-server-0-6-1 http-server@^0.6.1
122 silly lockFile e7eeaefd-http-server-0-6-1 http-server@^0.6.1
123 error Error: connect ECONNREFUSED
123 error     at errnoException (net.js:904:11)
123 error     at Object.afterConnect [as oncomplete] (net.js:895:19)
123 error  { [Error: connect ECONNREFUSED]
123 error   code: 'ECONNREFUSED',
123 error   errno: 'ECONNREFUSED',
123 error   syscall: 'connect',
123 error   parent: 'angular-seed' }
124 error If you are behind a proxy, please make sure that the
124 error 'proxy' config is set properly.  See: 'npm help config'
125 error System Windows_NT 6.1.7600
126 error command "c:\\Program Files\\nodejs\\node.exe" "c:\\Program Files\\nodejs\\node_modules\\npm\\bin\\npm-cli.js" "install"
127 error cwd d:\workspace-2\angular-seed
128 error node -v v0.10.26
129 error npm -v 1.4.3
130 error syscall connect
131 error code ECONNREFUSED
132 error errno ECONNREFUSED
133 error stack Error: connect ECONNREFUSED
133 error stack     at errnoException (net.js:904:11)
133 error stack     at Object.afterConnect [as oncomplete] (net.js:895:19)
134 verbose exit [ 1, true ]
